<?xml version="1.0" encoding="UTF-8"?>
<testng-results ignored="0" total="1" passed="1" failed="0" skipped="0">
  <reporter-output>
  </reporter-output>
  <suite started-at="2024-07-19T19:08:18 IST" name="Suite" finished-at="2024-07-19T19:08:26 IST" duration-ms="8206">
    <groups>
      <group name="ErrorHandling">
        <method signature="ErrorValidations.LoginErrorMessage()[pri:0, instance:manibabu.Tests.ErrorValidations@23aa363a]" name="LoginErrorMessage" class="manibabu.Tests.ErrorValidations"/>
      </group> <!-- ErrorHandling -->
    </groups>
    <test started-at="2024-07-19T19:08:18 IST" name="Submit Order" finished-at="2024-07-19T19:08:18 IST" duration-ms="10">
    </test> <!-- Submit Order -->
    <test started-at="2024-07-19T19:08:18 IST" name="Error Validation" finished-at="2024-07-19T19:08:26 IST" duration-ms="8206">
      <class name="manibabu.Tests.ErrorValidations">
        <test-method is-config="true" signature="launchApplication()[pri:0, instance:manibabu.Tests.ErrorValidations@23aa363a]" started-at="2024-07-19T19:08:18 IST" name="launchApplication" finished-at="2024-07-19T19:08:25 IST" duration-ms="6634" status="PASS">
          <reporter-output>
          </reporter-output>
        </test-method> <!-- launchApplication -->
        <test-method signature="LoginErrorMessage()[pri:0, instance:manibabu.Tests.ErrorValidations@23aa363a]" started-at="2024-07-19T19:08:25 IST" name="LoginErrorMessage" finished-at="2024-07-19T19:08:26 IST" duration-ms="1197" status="PASS">
          <reporter-output>
          </reporter-output>
        </test-method> <!-- LoginErrorMessage -->
        <test-method is-config="true" signature="tearDown()[pri:0, instance:manibabu.Tests.ErrorValidations@23aa363a]" started-at="2024-07-19T19:08:26 IST" name="tearDown" finished-at="2024-07-19T19:08:26 IST" duration-ms="329" status="PASS">
          <reporter-output>
          </reporter-output>
        </test-method> <!-- tearDown -->
      </class> <!-- manibabu.Tests.ErrorValidations -->
    </test> <!-- Error Validation -->
  </suite> <!-- Suite -->
</testng-results>
