<?xml version="1.0" encoding="UTF-8"?>
<!-- Generated by org.testng.reporters.JUnitXMLReporter -->
<testsuite ignored="1" hostname="LIN-PG02NGFC" failures="0" tests="1" name="Error Validation" time="8.206" errors="0" timestamp="2024-07-19T19:08:26 IST">
  <testcase classname="manibabu.Tests.ErrorValidations" name="LoginErrorMessage" time="1.197"/>
  <testcase classname="manibabu.Tests.ErrorValidations" name="errorProductMessage" time="0.0">
    <ignored/>
  </testcase> <!-- errorProductMessage -->
</testsuite> <!-- Error Validation -->
