<?xml version="1.0" encoding="UTF-8"?>
<!-- Generated by org.testng.reporters.JUnitXMLReporter -->
<testsuite ignored="3" hostname="LIN-PG02NGFC" failures="0" tests="0" time="0.01" errors="0" timestamp="2024-07-19T19:08:19 IST">
  <testcase classname="manibabu.Tests.SubmitOrder" name="OrderView" time="0.0">
    <ignored/>
  </testcase> <!-- OrderView -->
  <testcase classname="manibabu.Tests.SubmitOrder" name="OrderedProduct" time="0.0">
    <ignored/>
  </testcase> <!-- OrderedProduct -->
  <testcase classname="manibabu.Tests.SubmitOrder" name="submitOrder" time="0.0">
    <ignored/>
  </testcase> <!-- submitOrder -->
</testsuite>
